!SESSION 2009-06-06 20:57:09.288 -----------------------------------------------
eclipse.buildId=M20090211-1700
java.version=1.6.0_07
java.vendor=Sun Microsystems Inc.
BootLoader constants: OS=linux, ARCH=x86, WS=gtk, NL=pt_BR
Command-line arguments:  -os linux -ws gtk -arch x86

!ENTRY org.eclipse.core.resources 2 2 2009-06-06 21:07:28.917
!MESSAGE Save operation warnings.
!SUBENTRY 1 org.eclipse.core.resources 2 234 2009-06-06 21:07:28.917
!MESSAGE The project description file (.project) for 'batalhanaval' was missing.  This file contains important information about the project.  A new project description file has been created, but some information about the project may have been lost.
!SESSION 2009-06-06 22:23:06.124 -----------------------------------------------
eclipse.buildId=M20090211-1700
java.version=1.6.0_07
java.vendor=Sun Microsystems Inc.
BootLoader constants: OS=linux, ARCH=x86, WS=gtk, NL=pt_BR
Command-line arguments:  -os linux -ws gtk -arch x86

!ENTRY org.eclipse.jdt.core 4 4 2009-06-06 22:24:51.520
!MESSAGE Exception while reading /batalhanaval/.classpath
!STACK 1
org.eclipse.core.runtime.CoreException: File not found: /media/DARLAN/20091/des_sist/exc/ProjetoFinal/batalhanaval/.classpath.
	at org.eclipse.core.internal.filesystem.Policy.error(Policy.java:55)
	at org.eclipse.core.internal.filesystem.local.LocalFile.openInputStream(LocalFile.java:365)
	at org.eclipse.core.internal.localstore.FileSystemResourceManager.read(FileSystemResourceManager.java:642)
	at org.eclipse.core.internal.resources.File.getContents(File.java:298)
	at org.eclipse.jdt.internal.core.util.Util.getResourceContentsAsByteArray(Util.java:1085)
	at org.eclipse.jdt.internal.core.JavaProject.readFileEntriesWithException(JavaProject.java:2364)
	at org.eclipse.jdt.internal.core.JavaProject.readFileEntries(JavaProject.java:2408)
	at org.eclipse.jdt.internal.core.JavaProject.readOutputLocation(JavaProject.java:2426)
	at org.eclipse.jdt.internal.ui.wizards.buildpaths.BuildPathsBlock.init(BuildPathsBlock.java:309)
	at org.eclipse.jdt.internal.ui.preferences.BuildPathsPropertyPage.createWithJava(BuildPathsPropertyPage.java:157)
	at org.eclipse.jdt.internal.ui.preferences.BuildPathsPropertyPage.createContents(BuildPathsPropertyPage.java:88)
	at org.eclipse.jface.preference.PreferencePage.createControl(PreferencePage.java:235)
	at org.eclipse.jdt.internal.ui.preferences.BuildPathsPropertyPage.createControl(BuildPathsPropertyPage.java:98)
	at org.eclipse.jface.preference.PreferenceDialog.createPageControl(PreferenceDialog.java:1468)
	at org.eclipse.jface.preference.PreferenceDialog$14.run(PreferenceDialog.java:1225)
	at org.eclipse.core.runtime.SafeRunner.run(SafeRunner.java:37)
	at org.eclipse.core.runtime.Platform.run(Platform.java:880)
	at org.eclipse.ui.internal.JFaceUtil$1.run(JFaceUtil.java:48)
	at org.eclipse.jface.util.SafeRunnable.run(SafeRunnable.java:175)
	at org.eclipse.jface.preference.PreferenceDialog.showPage(PreferenceDialog.java:1219)
	at org.eclipse.ui.internal.dialogs.FilteredPreferenceDialog.showPage(FilteredPreferenceDialog.java:682)
	at org.eclipse.jface.preference.PreferenceDialog$10.run(PreferenceDialog.java:702)
	at org.eclipse.swt.custom.BusyIndicator.showWhile(BusyIndicator.java:70)
	at org.eclipse.jface.preference.PreferenceDialog$9.selectionChanged(PreferenceDialog.java:698)
	at org.eclipse.jface.viewers.StructuredViewer$3.run(StructuredViewer.java:842)
	at org.eclipse.core.runtime.SafeRunner.run(SafeRunner.java:37)
	at org.eclipse.core.runtime.Platform.run(Platform.java:880)
	at org.eclipse.ui.internal.JFaceUtil$1.run(JFaceUtil.java:48)
	at org.eclipse.jface.util.SafeRunnable.run(SafeRunnable.java:175)
	at org.eclipse.jface.viewers.StructuredViewer.firePostSelectionChanged(StructuredViewer.java:840)
	at org.eclipse.jface.viewers.StructuredViewer.handlePostSelect(StructuredViewer.java:1153)
	at org.eclipse.jface.viewers.StructuredViewer$5.widgetSelected(StructuredViewer.java:1178)
	at org.eclipse.jface.util.OpenStrategy.firePostSelectionEvent(OpenStrategy.java:250)
	at org.eclipse.jface.util.OpenStrategy.access$4(OpenStrategy.java:244)
	at org.eclipse.jface.util.OpenStrategy$3.run(OpenStrategy.java:418)
	at org.eclipse.swt.widgets.RunnableLock.run(RunnableLock.java:35)
	at org.eclipse.swt.widgets.Synchronizer.runAsyncMessages(Synchronizer.java:133)
	at org.eclipse.swt.widgets.Display.runAsyncMessages(Display.java:3378)
	at org.eclipse.swt.widgets.Display.readAndDispatch(Display.java:3036)
	at org.eclipse.jface.window.Window.runEventLoop(Window.java:825)
	at org.eclipse.jface.window.Window.open(Window.java:801)
	at org.eclipse.ui.dialogs.PropertyDialogAction.run(PropertyDialogAction.java:157)
	at org.eclipse.jface.action.Action.runWithEvent(Action.java:498)
	at org.eclipse.jface.action.ActionContributionItem.handleWidgetSelection(ActionContributionItem.java:583)
	at org.eclipse.jface.action.ActionContributionItem.access$2(ActionContributionItem.java:500)
	at org.eclipse.jface.action.ActionContributionItem$5.handleEvent(ActionContributionItem.java:411)
	at org.eclipse.swt.widgets.EventTable.sendEvent(EventTable.java:84)
	at org.eclipse.swt.widgets.Widget.sendEvent(Widget.java:1158)
	at org.eclipse.swt.widgets.Display.runDeferredEvents(Display.java:3401)
	at org.eclipse.swt.widgets.Display.readAndDispatch(Display.java:3033)
	at org.eclipse.ui.internal.Workbench.runEventLoop(Workbench.java:2384)
	at org.eclipse.ui.internal.Workbench.runUI(Workbench.java:2348)
	at org.eclipse.ui.internal.Workbench.access$4(Workbench.java:2200)
	at org.eclipse.ui.internal.Workbench$5.run(Workbench.java:495)
	at org.eclipse.core.databinding.observable.Realm.runWithDefault(Realm.java:288)
	at org.eclipse.ui.internal.Workbench.createAndRunWorkbench(Workbench.java:490)
	at org.eclipse.ui.PlatformUI.createAndRunWorkbench(PlatformUI.java:149)
	at org.eclipse.ui.internal.ide.application.IDEApplication.start(IDEApplication.java:113)
	at org.eclipse.equinox.internal.app.EclipseAppHandle.run(EclipseAppHandle.java:193)
	at org.eclipse.core.runtime.internal.adaptor.EclipseAppLauncher.runApplication(EclipseAppLauncher.java:110)
	at org.eclipse.core.runtime.internal.adaptor.EclipseAppLauncher.start(EclipseAppLauncher.java:79)
	at org.eclipse.core.runtime.adaptor.EclipseStarter.run(EclipseStarter.java:386)
	at org.eclipse.core.runtime.adaptor.EclipseStarter.run(EclipseStarter.java:179)
	at sun.reflect.NativeMethodAccessorImpl.invoke0(Native Method)
	at sun.reflect.NativeMethodAccessorImpl.invoke(NativeMethodAccessorImpl.java:39)
	at sun.reflect.DelegatingMethodAccessorImpl.invoke(DelegatingMethodAccessorImpl.java:25)
	at java.lang.reflect.Method.invoke(Method.java:597)
	at org.eclipse.equinox.launcher.Main.invokeFramework(Main.java:549)
	at org.eclipse.equinox.launcher.Main.basicRun(Main.java:504)
	at org.eclipse.equinox.launcher.Main.run(Main.java:1236)
Caused by: java.io.FileNotFoundException: /media/DARLAN/20091/des_sist/exc/ProjetoFinal/batalhanaval/.classpath (Arquivo ou diretório inexistente)
	at java.io.FileInputStream.open(Native Method)
	at java.io.FileInputStream.<init>(FileInputStream.java:106)
	at org.eclipse.core.internal.filesystem.local.LocalFile.openInputStream(LocalFile.java:356)
	... 68 more
!SUBENTRY 1 org.eclipse.core.filesystem 4 271 2009-06-06 22:24:51.523
!MESSAGE File not found: /media/DARLAN/20091/des_sist/exc/ProjetoFinal/batalhanaval/.classpath.
!STACK 0
java.io.FileNotFoundException: /media/DARLAN/20091/des_sist/exc/ProjetoFinal/batalhanaval/.classpath (Arquivo ou diretório inexistente)
	at java.io.FileInputStream.open(Native Method)
	at java.io.FileInputStream.<init>(FileInputStream.java:106)
	at org.eclipse.core.internal.filesystem.local.LocalFile.openInputStream(LocalFile.java:356)
	at org.eclipse.core.internal.localstore.FileSystemResourceManager.read(FileSystemResourceManager.java:642)
	at org.eclipse.core.internal.resources.File.getContents(File.java:298)
	at org.eclipse.jdt.internal.core.util.Util.getResourceContentsAsByteArray(Util.java:1085)
	at org.eclipse.jdt.internal.core.JavaProject.readFileEntriesWithException(JavaProject.java:2364)
	at org.eclipse.jdt.internal.core.JavaProject.readFileEntries(JavaProject.java:2408)
	at org.eclipse.jdt.internal.core.JavaProject.readOutputLocation(JavaProject.java:2426)
	at org.eclipse.jdt.internal.ui.wizards.buildpaths.BuildPathsBlock.init(BuildPathsBlock.java:309)
	at org.eclipse.jdt.internal.ui.preferences.BuildPathsPropertyPage.createWithJava(BuildPathsPropertyPage.java:157)
	at org.eclipse.jdt.internal.ui.preferences.BuildPathsPropertyPage.createContents(BuildPathsPropertyPage.java:88)
	at org.eclipse.jface.preference.PreferencePage.createControl(PreferencePage.java:235)
	at org.eclipse.jdt.internal.ui.preferences.BuildPathsPropertyPage.createControl(BuildPathsPropertyPage.java:98)
	at org.eclipse.jface.preference.PreferenceDialog.createPageControl(PreferenceDialog.java:1468)
	at org.eclipse.jface.preference.PreferenceDialog$14.run(PreferenceDialog.java:1225)
	at org.eclipse.core.runtime.SafeRunner.run(SafeRunner.java:37)
	at org.eclipse.core.runtime.Platform.run(Platform.java:880)
	at org.eclipse.ui.internal.JFaceUtil$1.run(JFaceUtil.java:48)
	at org.eclipse.jface.util.SafeRunnable.run(SafeRunnable.java:175)
	at org.eclipse.jface.preference.PreferenceDialog.showPage(PreferenceDialog.java:1219)
	at org.eclipse.ui.internal.dialogs.FilteredPreferenceDialog.showPage(FilteredPreferenceDialog.java:682)
	at org.eclipse.jface.preference.PreferenceDialog$10.run(PreferenceDialog.java:702)
	at org.eclipse.swt.custom.BusyIndicator.showWhile(BusyIndicator.java:70)
	at org.eclipse.jface.preference.PreferenceDialog$9.selectionChanged(PreferenceDialog.java:698)
	at org.eclipse.jface.viewers.StructuredViewer$3.run(StructuredViewer.java:842)
	at org.eclipse.core.runtime.SafeRunner.run(SafeRunner.java:37)
	at org.eclipse.core.runtime.Platform.run(Platform.java:880)
	at org.eclipse.ui.internal.JFaceUtil$1.run(JFaceUtil.java:48)
	at org.eclipse.jface.util.SafeRunnable.run(SafeRunnable.java:175)
	at org.eclipse.jface.viewers.StructuredViewer.firePostSelectionChanged(StructuredViewer.java:840)
	at org.eclipse.jface.viewers.StructuredViewer.handlePostSelect(StructuredViewer.java:1153)
	at org.eclipse.jface.viewers.StructuredViewer$5.widgetSelected(StructuredViewer.java:1178)
	at org.eclipse.jface.util.OpenStrategy.firePostSelectionEvent(OpenStrategy.java:250)
	at org.eclipse.jface.util.OpenStrategy.access$4(OpenStrategy.java:244)
	at org.eclipse.jface.util.OpenStrategy$3.run(OpenStrategy.java:418)
	at org.eclipse.swt.widgets.RunnableLock.run(RunnableLock.java:35)
	at org.eclipse.swt.widgets.Synchronizer.runAsyncMessages(Synchronizer.java:133)
	at org.eclipse.swt.widgets.Display.runAsyncMessages(Display.java:3378)
	at org.eclipse.swt.widgets.Display.readAndDispatch(Display.java:3036)
	at org.eclipse.jface.window.Window.runEventLoop(Window.java:825)
	at org.eclipse.jface.window.Window.open(Window.java:801)
	at org.eclipse.ui.dialogs.PropertyDialogAction.run(PropertyDialogAction.java:157)
	at org.eclipse.jface.action.Action.runWithEvent(Action.java:498)
	at org.eclipse.jface.action.ActionContributionItem.handleWidgetSelection(ActionContributionItem.java:583)
	at org.eclipse.jface.action.ActionContributionItem.access$2(ActionContributionItem.java:500)
	at org.eclipse.jface.action.ActionContributionItem$5.handleEvent(ActionContributionItem.java:411)
	at org.eclipse.swt.widgets.EventTable.sendEvent(EventTable.java:84)
	at org.eclipse.swt.widgets.Widget.sendEvent(Widget.java:1158)
	at org.eclipse.swt.widgets.Display.runDeferredEvents(Display.java:3401)
	at org.eclipse.swt.widgets.Display.readAndDispatch(Display.java:3033)
	at org.eclipse.ui.internal.Workbench.runEventLoop(Workbench.java:2384)
	at org.eclipse.ui.internal.Workbench.runUI(Workbench.java:2348)
	at org.eclipse.ui.internal.Workbench.access$4(Workbench.java:2200)
	at org.eclipse.ui.internal.Workbench$5.run(Workbench.java:495)
	at org.eclipse.core.databinding.observable.Realm.runWithDefault(Realm.java:288)
	at org.eclipse.ui.internal.Workbench.createAndRunWorkbench(Workbench.java:490)
	at org.eclipse.ui.PlatformUI.createAndRunWorkbench(PlatformUI.java:149)
	at org.eclipse.ui.internal.ide.application.IDEApplication.start(IDEApplication.java:113)
	at org.eclipse.equinox.internal.app.EclipseAppHandle.run(EclipseAppHandle.java:193)
	at org.eclipse.core.runtime.internal.adaptor.EclipseAppLauncher.runApplication(EclipseAppLauncher.java:110)
	at org.eclipse.core.runtime.internal.adaptor.EclipseAppLauncher.start(EclipseAppLauncher.java:79)
	at org.eclipse.core.runtime.adaptor.EclipseStarter.run(EclipseStarter.java:386)
	at org.eclipse.core.runtime.adaptor.EclipseStarter.run(EclipseStarter.java:179)
	at sun.reflect.NativeMethodAccessorImpl.invoke0(Native Method)
	at sun.reflect.NativeMethodAccessorImpl.invoke(NativeMethodAccessorImpl.java:39)
	at sun.reflect.DelegatingMethodAccessorImpl.invoke(DelegatingMethodAccessorImpl.java:25)
	at java.lang.reflect.Method.invoke(Method.java:597)
	at org.eclipse.equinox.launcher.Main.invokeFramework(Main.java:549)
	at org.eclipse.equinox.launcher.Main.basicRun(Main.java:504)
	at org.eclipse.equinox.launcher.Main.run(Main.java:1236)

!ENTRY org.eclipse.jdt.core 4 4 2009-06-06 22:24:51.527
!MESSAGE Exception while reading /batalhanaval/.classpath
!STACK 1
org.eclipse.core.runtime.CoreException: File not found: /media/DARLAN/20091/des_sist/exc/ProjetoFinal/batalhanaval/.classpath.
	at org.eclipse.core.internal.filesystem.Policy.error(Policy.java:55)
	at org.eclipse.core.internal.filesystem.local.LocalFile.openInputStream(LocalFile.java:365)
	at org.eclipse.core.internal.localstore.FileSystemResourceManager.read(FileSystemResourceManager.java:642)
	at org.eclipse.core.internal.resources.File.getContents(File.java:298)
	at org.eclipse.jdt.internal.core.util.Util.getResourceContentsAsByteArray(Util.java:1085)
	at org.eclipse.jdt.internal.core.JavaProject.readFileEntriesWithException(JavaProject.java:2364)
	at org.eclipse.jdt.internal.core.JavaProject.readFileEntries(JavaProject.java:2408)
	at org.eclipse.jdt.internal.core.JavaProject.readRawClasspath(JavaProject.java:2446)
	at org.eclipse.jdt.internal.ui.wizards.buildpaths.BuildPathsBlock.init(BuildPathsBlock.java:312)
	at org.eclipse.jdt.internal.ui.preferences.BuildPathsPropertyPage.createWithJava(BuildPathsPropertyPage.java:157)
	at org.eclipse.jdt.internal.ui.preferences.BuildPathsPropertyPage.createContents(BuildPathsPropertyPage.java:88)
	at org.eclipse.jface.preference.PreferencePage.createControl(PreferencePage.java:235)
	at org.eclipse.jdt.internal.ui.preferences.BuildPathsPropertyPage.createControl(BuildPathsPropertyPage.java:98)
	at org.eclipse.jface.preference.PreferenceDialog.createPageControl(PreferenceDialog.java:1468)
	at org.eclipse.jface.preference.PreferenceDialog$14.run(PreferenceDialog.java:1225)
	at org.eclipse.core.runtime.SafeRunner.run(SafeRunner.java:37)
	at org.eclipse.core.runtime.Platform.run(Platform.java:880)
	at org.eclipse.ui.internal.JFaceUtil$1.run(JFaceUtil.java:48)
	at org.eclipse.jface.util.SafeRunnable.run(SafeRunnable.java:175)
	at org.eclipse.jface.preference.PreferenceDialog.showPage(PreferenceDialog.java:1219)
	at org.eclipse.ui.internal.dialogs.FilteredPreferenceDialog.showPage(FilteredPreferenceDialog.java:682)
	at org.eclipse.jface.preference.PreferenceDialog$10.run(PreferenceDialog.java:702)
	at org.eclipse.swt.custom.BusyIndicator.showWhile(BusyIndicator.java:70)
	at org.eclipse.jface.preference.PreferenceDialog$9.selectionChanged(PreferenceDialog.java:698)
	at org.eclipse.jface.viewers.StructuredViewer$3.run(StructuredViewer.java:842)
	at org.eclipse.core.runtime.SafeRunner.run(SafeRunner.java:37)
	at org.eclipse.core.runtime.Platform.run(Platform.java:880)
	at org.eclipse.ui.internal.JFaceUtil$1.run(JFaceUtil.java:48)
	at org.eclipse.jface.util.SafeRunnable.run(SafeRunnable.java:175)
	at org.eclipse.jface.viewers.StructuredViewer.firePostSelectionChanged(StructuredViewer.java:840)
	at org.eclipse.jface.viewers.StructuredViewer.handlePostSelect(StructuredViewer.java:1153)
	at org.eclipse.jface.viewers.StructuredViewer$5.widgetSelected(StructuredViewer.java:1178)
	at org.eclipse.jface.util.OpenStrategy.firePostSelectionEvent(OpenStrategy.java:250)
	at org.eclipse.jface.util.OpenStrategy.access$4(OpenStrategy.java:244)
	at org.eclipse.jface.util.OpenStrategy$3.run(OpenStrategy.java:418)
	at org.eclipse.swt.widgets.RunnableLock.run(RunnableLock.java:35)
	at org.eclipse.swt.widgets.Synchronizer.runAsyncMessages(Synchronizer.java:133)
	at org.eclipse.swt.widgets.Display.runAsyncMessages(Display.java:3378)
	at org.eclipse.swt.widgets.Display.readAndDispatch(Display.java:3036)
	at org.eclipse.jface.window.Window.runEventLoop(Window.java:825)
	at org.eclipse.jface.window.Window.open(Window.java:801)
	at org.eclipse.ui.dialogs.PropertyDialogAction.run(PropertyDialogAction.java:157)
	at org.eclipse.jface.action.Action.runWithEvent(Action.java:498)
	at org.eclipse.jface.action.ActionContributionItem.handleWidgetSelection(ActionContributionItem.java:583)
	at org.eclipse.jface.action.ActionContributionItem.access$2(ActionContributionItem.java:500)
	at org.eclipse.jface.action.ActionContributionItem$5.handleEvent(ActionContributionItem.java:411)
	at org.eclipse.swt.widgets.EventTable.sendEvent(EventTable.java:84)
	at org.eclipse.swt.widgets.Widget.sendEvent(Widget.java:1158)
	at org.eclipse.swt.widgets.Display.runDeferredEvents(Display.java:3401)
	at org.eclipse.swt.widgets.Display.readAndDispatch(Display.java:3033)
	at org.eclipse.ui.internal.Workbench.runEventLoop(Workbench.java:2384)
	at org.eclipse.ui.internal.Workbench.runUI(Workbench.java:2348)
	at org.eclipse.ui.internal.Workbench.access$4(Workbench.java:2200)
	at org.eclipse.ui.internal.Workbench$5.run(Workbench.java:495)
	at org.eclipse.core.databinding.observable.Realm.runWithDefault(Realm.java:288)
	at org.eclipse.ui.internal.Workbench.createAndRunWorkbench(Workbench.java:490)
	at org.eclipse.ui.PlatformUI.createAndRunWorkbench(PlatformUI.java:149)
	at org.eclipse.ui.internal.ide.application.IDEApplication.start(IDEApplication.java:113)
	at org.eclipse.equinox.internal.app.EclipseAppHandle.run(EclipseAppHandle.java:193)
	at org.eclipse.core.runtime.internal.adaptor.EclipseAppLauncher.runApplication(EclipseAppLauncher.java:110)
	at org.eclipse.core.runtime.internal.adaptor.EclipseAppLauncher.start(EclipseAppLauncher.java:79)
	at org.eclipse.core.runtime.adaptor.EclipseStarter.run(EclipseStarter.java:386)
	at org.eclipse.core.runtime.adaptor.EclipseStarter.run(EclipseStarter.java:179)
	at sun.reflect.NativeMethodAccessorImpl.invoke0(Native Method)
	at sun.reflect.NativeMethodAccessorImpl.invoke(NativeMethodAccessorImpl.java:39)
	at sun.reflect.DelegatingMethodAccessorImpl.invoke(DelegatingMethodAccessorImpl.java:25)
	at java.lang.reflect.Method.invoke(Method.java:597)
	at org.eclipse.equinox.launcher.Main.invokeFramework(Main.java:549)
	at org.eclipse.equinox.launcher.Main.basicRun(Main.java:504)
	at org.eclipse.equinox.launcher.Main.run(Main.java:1236)
Caused by: java.io.FileNotFoundException: /media/DARLAN/20091/des_sist/exc/ProjetoFinal/batalhanaval/.classpath (Arquivo ou diretório inexistente)
	at java.io.FileInputStream.open(Native Method)
	at java.io.FileInputStream.<init>(FileInputStream.java:106)
	at org.eclipse.core.internal.filesystem.local.LocalFile.openInputStream(LocalFile.java:356)
	... 68 more
!SUBENTRY 1 org.eclipse.core.filesystem 4 271 2009-06-06 22:24:51.529
!MESSAGE File not found: /media/DARLAN/20091/des_sist/exc/ProjetoFinal/batalhanaval/.classpath.
!STACK 0
java.io.FileNotFoundException: /media/DARLAN/20091/des_sist/exc/ProjetoFinal/batalhanaval/.classpath (Arquivo ou diretório inexistente)
	at java.io.FileInputStream.open(Native Method)
	at java.io.FileInputStream.<init>(FileInputStream.java:106)
	at org.eclipse.core.internal.filesystem.local.LocalFile.openInputStream(LocalFile.java:356)
	at org.eclipse.core.internal.localstore.FileSystemResourceManager.read(FileSystemResourceManager.java:642)
	at org.eclipse.core.internal.resources.File.getContents(File.java:298)
	at org.eclipse.jdt.internal.core.util.Util.getResourceContentsAsByteArray(Util.java:1085)
	at org.eclipse.jdt.internal.core.JavaProject.readFileEntriesWithException(JavaProject.java:2364)
	at org.eclipse.jdt.internal.core.JavaProject.readFileEntries(JavaProject.java:2408)
	at org.eclipse.jdt.internal.core.JavaProject.readRawClasspath(JavaProject.java:2446)
	at org.eclipse.jdt.internal.ui.wizards.buildpaths.BuildPathsBlock.init(BuildPathsBlock.java:312)
	at org.eclipse.jdt.internal.ui.preferences.BuildPathsPropertyPage.createWithJava(BuildPathsPropertyPage.java:157)
	at org.eclipse.jdt.internal.ui.preferences.BuildPathsPropertyPage.createContents(BuildPathsPropertyPage.java:88)
	at org.eclipse.jface.preference.PreferencePage.createControl(PreferencePage.java:235)
	at org.eclipse.jdt.internal.ui.preferences.BuildPathsPropertyPage.createControl(BuildPathsPropertyPage.java:98)
	at org.eclipse.jface.preference.PreferenceDialog.createPageControl(PreferenceDialog.java:1468)
	at org.eclipse.jface.preference.PreferenceDialog$14.run(PreferenceDialog.java:1225)
	at org.eclipse.core.runtime.SafeRunner.run(SafeRunner.java:37)
	at org.eclipse.core.runtime.Platform.run(Platform.java:880)
	at org.eclipse.ui.internal.JFaceUtil$1.run(JFaceUtil.java:48)
	at org.eclipse.jface.util.SafeRunnable.run(SafeRunnable.java:175)
	at org.eclipse.jface.preference.PreferenceDialog.showPage(PreferenceDialog.java:1219)
	at org.eclipse.ui.internal.dialogs.FilteredPreferenceDialog.showPage(FilteredPreferenceDialog.java:682)
	at org.eclipse.jface.preference.PreferenceDialog$10.run(PreferenceDialog.java:702)
	at org.eclipse.swt.custom.BusyIndicator.showWhile(BusyIndicator.java:70)
	at org.eclipse.jface.preference.PreferenceDialog$9.selectionChanged(PreferenceDialog.java:698)
	at org.eclipse.jface.viewers.StructuredViewer$3.run(StructuredViewer.java:842)
	at org.eclipse.core.runtime.SafeRunner.run(SafeRunner.java:37)
	at org.eclipse.core.runtime.Platform.run(Platform.java:880)
	at org.eclipse.ui.internal.JFaceUtil$1.run(JFaceUtil.java:48)
	at org.eclipse.jface.util.SafeRunnable.run(SafeRunnable.java:175)
	at org.eclipse.jface.viewers.StructuredViewer.firePostSelectionChanged(StructuredViewer.java:840)
	at org.eclipse.jface.viewers.StructuredViewer.handlePostSelect(StructuredViewer.java:1153)
	at org.eclipse.jface.viewers.StructuredViewer$5.widgetSelected(StructuredViewer.java:1178)
	at org.eclipse.jface.util.OpenStrategy.firePostSelectionEvent(OpenStrategy.java:250)
	at org.eclipse.jface.util.OpenStrategy.access$4(OpenStrategy.java:244)
	at org.eclipse.jface.util.OpenStrategy$3.run(OpenStrategy.java:418)
	at org.eclipse.swt.widgets.RunnableLock.run(RunnableLock.java:35)
	at org.eclipse.swt.widgets.Synchronizer.runAsyncMessages(Synchronizer.java:133)
	at org.eclipse.swt.widgets.Display.runAsyncMessages(Display.java:3378)
	at org.eclipse.swt.widgets.Display.readAndDispatch(Display.java:3036)
	at org.eclipse.jface.window.Window.runEventLoop(Window.java:825)
	at org.eclipse.jface.window.Window.open(Window.java:801)
	at org.eclipse.ui.dialogs.PropertyDialogAction.run(PropertyDialogAction.java:157)
	at org.eclipse.jface.action.Action.runWithEvent(Action.java:498)
	at org.eclipse.jface.action.ActionContributionItem.handleWidgetSelection(ActionContributionItem.java:583)
	at org.eclipse.jface.action.ActionContributionItem.access$2(ActionContributionItem.java:500)
	at org.eclipse.jface.action.ActionContributionItem$5.handleEvent(ActionContributionItem.java:411)
	at org.eclipse.swt.widgets.EventTable.sendEvent(EventTable.java:84)
	at org.eclipse.swt.widgets.Widget.sendEvent(Widget.java:1158)
	at org.eclipse.swt.widgets.Display.runDeferredEvents(Display.java:3401)
	at org.eclipse.swt.widgets.Display.readAndDispatch(Display.java:3033)
	at org.eclipse.ui.internal.Workbench.runEventLoop(Workbench.java:2384)
	at org.eclipse.ui.internal.Workbench.runUI(Workbench.java:2348)
	at org.eclipse.ui.internal.Workbench.access$4(Workbench.java:2200)
	at org.eclipse.ui.internal.Workbench$5.run(Workbench.java:495)
	at org.eclipse.core.databinding.observable.Realm.runWithDefault(Realm.java:288)
	at org.eclipse.ui.internal.Workbench.createAndRunWorkbench(Workbench.java:490)
	at org.eclipse.ui.PlatformUI.createAndRunWorkbench(PlatformUI.java:149)
	at org.eclipse.ui.internal.ide.application.IDEApplication.start(IDEApplication.java:113)
	at org.eclipse.equinox.internal.app.EclipseAppHandle.run(EclipseAppHandle.java:193)
	at org.eclipse.core.runtime.internal.adaptor.EclipseAppLauncher.runApplication(EclipseAppLauncher.java:110)
	at org.eclipse.core.runtime.internal.adaptor.EclipseAppLauncher.start(EclipseAppLauncher.java:79)
	at org.eclipse.core.runtime.adaptor.EclipseStarter.run(EclipseStarter.java:386)
	at org.eclipse.core.runtime.adaptor.EclipseStarter.run(EclipseStarter.java:179)
	at sun.reflect.NativeMethodAccessorImpl.invoke0(Native Method)
	at sun.reflect.NativeMethodAccessorImpl.invoke(NativeMethodAccessorImpl.java:39)
	at sun.reflect.DelegatingMethodAccessorImpl.invoke(DelegatingMethodAccessorImpl.java:25)
	at java.lang.reflect.Method.invoke(Method.java:597)
	at org.eclipse.equinox.launcher.Main.invokeFramework(Main.java:549)
	at org.eclipse.equinox.launcher.Main.basicRun(Main.java:504)
	at org.eclipse.equinox.launcher.Main.run(Main.java:1236)

!ENTRY org.eclipse.jdt.core 4 4 2009-06-06 22:25:11.778
!MESSAGE Exception while reading /batalhanaval/.classpath
!STACK 1
org.eclipse.core.runtime.CoreException: File not found: /media/DARLAN/20091/des_sist/exc/ProjetoFinal/batalhanaval/.classpath.
	at org.eclipse.core.internal.filesystem.Policy.error(Policy.java:55)
	at org.eclipse.core.internal.filesystem.local.LocalFile.openInputStream(LocalFile.java:365)
	at org.eclipse.core.internal.localstore.FileSystemResourceManager.read(FileSystemResourceManager.java:642)
	at org.eclipse.core.internal.resources.File.getContents(File.java:298)
	at org.eclipse.jdt.internal.core.util.Util.getResourceContentsAsByteArray(Util.java:1085)
	at org.eclipse.jdt.internal.core.JavaProject.readFileEntriesWithException(JavaProject.java:2364)
	at org.eclipse.jdt.internal.core.JavaProject.readFileEntries(JavaProject.java:2408)
	at org.eclipse.jdt.internal.core.JavaProject.writeFileEntries(JavaProject.java:2702)
	at org.eclipse.jdt.internal.core.JavaModelManager$7.run(JavaModelManager.java:1202)
	at org.eclipse.core.internal.resources.Workspace.run(Workspace.java:1800)
	at org.eclipse.jdt.internal.core.JavaModelManager$PerProjectInfo.writeAndCacheClasspath(JavaModelManager.java:1196)
	at org.eclipse.jdt.internal.core.SetClasspathOperation.executeOperation(SetClasspathOperation.java:61)
	at org.eclipse.jdt.internal.core.JavaModelOperation.run(JavaModelOperation.java:716)
	at org.eclipse.core.internal.resources.Workspace.run(Workspace.java:1800)
	at org.eclipse.jdt.internal.core.JavaModelOperation.runOperation(JavaModelOperation.java:782)
	at org.eclipse.jdt.internal.core.JavaProject.setRawClasspath(JavaProject.java:2874)
	at org.eclipse.jdt.internal.core.JavaProject.setRawClasspath(JavaProject.java:2890)
	at org.eclipse.jdt.internal.ui.wizards.buildpaths.BuildPathsBlock.flush(BuildPathsBlock.java:874)
	at org.eclipse.jdt.internal.ui.wizards.buildpaths.BuildPathsBlock.configureJavaProject(BuildPathsBlock.java:725)
	at org.eclipse.jdt.internal.ui.preferences.BuildPathsPropertyPage$1.run(BuildPathsPropertyPage.java:214)
	at org.eclipse.jdt.internal.core.BatchOperation.executeOperation(BatchOperation.java:39)
	at org.eclipse.jdt.internal.core.JavaModelOperation.run(JavaModelOperation.java:716)
	at org.eclipse.core.internal.resources.Workspace.run(Workspace.java:1800)
	at org.eclipse.jdt.core.JavaCore.run(JavaCore.java:4563)
	at org.eclipse.jdt.internal.ui.actions.WorkbenchRunnableAdapter.run(WorkbenchRunnableAdapter.java:92)
	at org.eclipse.jdt.internal.ui.actions.WorkbenchRunnableAdapter$1.run(WorkbenchRunnableAdapter.java:107)
	at org.eclipse.core.internal.jobs.Worker.run(Worker.java:55)
Caused by: java.io.FileNotFoundException: /media/DARLAN/20091/des_sist/exc/ProjetoFinal/batalhanaval/.classpath (Arquivo ou diretório inexistente)
	at java.io.FileInputStream.open(Native Method)
	at java.io.FileInputStream.<init>(FileInputStream.java:106)
	at org.eclipse.core.internal.filesystem.local.LocalFile.openInputStream(LocalFile.java:356)
	... 25 more
!SUBENTRY 1 org.eclipse.core.filesystem 4 271 2009-06-06 22:25:11.779
!MESSAGE File not found: /media/DARLAN/20091/des_sist/exc/ProjetoFinal/batalhanaval/.classpath.
!STACK 0
java.io.FileNotFoundException: /media/DARLAN/20091/des_sist/exc/ProjetoFinal/batalhanaval/.classpath (Arquivo ou diretório inexistente)
	at java.io.FileInputStream.open(Native Method)
	at java.io.FileInputStream.<init>(FileInputStream.java:106)
	at org.eclipse.core.internal.filesystem.local.LocalFile.openInputStream(LocalFile.java:356)
	at org.eclipse.core.internal.localstore.FileSystemResourceManager.read(FileSystemResourceManager.java:642)
	at org.eclipse.core.internal.resources.File.getContents(File.java:298)
	at org.eclipse.jdt.internal.core.util.Util.getResourceContentsAsByteArray(Util.java:1085)
	at org.eclipse.jdt.internal.core.JavaProject.readFileEntriesWithException(JavaProject.java:2364)
	at org.eclipse.jdt.internal.core.JavaProject.readFileEntries(JavaProject.java:2408)
	at org.eclipse.jdt.internal.core.JavaProject.writeFileEntries(JavaProject.java:2702)
	at org.eclipse.jdt.internal.core.JavaModelManager$7.run(JavaModelManager.java:1202)
	at org.eclipse.core.internal.resources.Workspace.run(Workspace.java:1800)
	at org.eclipse.jdt.internal.core.JavaModelManager$PerProjectInfo.writeAndCacheClasspath(JavaModelManager.java:1196)
	at org.eclipse.jdt.internal.core.SetClasspathOperation.executeOperation(SetClasspathOperation.java:61)
	at org.eclipse.jdt.internal.core.JavaModelOperation.run(JavaModelOperation.java:716)
	at org.eclipse.core.internal.resources.Workspace.run(Workspace.java:1800)
	at org.eclipse.jdt.internal.core.JavaModelOperation.runOperation(JavaModelOperation.java:782)
	at org.eclipse.jdt.internal.core.JavaProject.setRawClasspath(JavaProject.java:2874)
	at org.eclipse.jdt.internal.core.JavaProject.setRawClasspath(JavaProject.java:2890)
	at org.eclipse.jdt.internal.ui.wizards.buildpaths.BuildPathsBlock.flush(BuildPathsBlock.java:874)
	at org.eclipse.jdt.internal.ui.wizards.buildpaths.BuildPathsBlock.configureJavaProject(BuildPathsBlock.java:725)
	at org.eclipse.jdt.internal.ui.preferences.BuildPathsPropertyPage$1.run(BuildPathsPropertyPage.java:214)
	at org.eclipse.jdt.internal.core.BatchOperation.executeOperation(BatchOperation.java:39)
	at org.eclipse.jdt.internal.core.JavaModelOperation.run(JavaModelOperation.java:716)
	at org.eclipse.core.internal.resources.Workspace.run(Workspace.java:1800)
	at org.eclipse.jdt.core.JavaCore.run(JavaCore.java:4563)
	at org.eclipse.jdt.internal.ui.actions.WorkbenchRunnableAdapter.run(WorkbenchRunnableAdapter.java:92)
	at org.eclipse.jdt.internal.ui.actions.WorkbenchRunnableAdapter$1.run(WorkbenchRunnableAdapter.java:107)
	at org.eclipse.core.internal.jobs.Worker.run(Worker.java:55)
!SESSION 2009-06-08 15:25:24.646 -----------------------------------------------
eclipse.buildId=M20090211-1700
java.version=1.6.0_10-rc
java.vendor=Sun Microsystems Inc.
BootLoader constants: OS=win32, ARCH=x86, WS=win32, NL=pt_BR
Command-line arguments:  -os win32 -ws win32 -arch x86

!ENTRY org.eclipse.ui.console 4 2 2009-06-08 17:39:21.225
!MESSAGE Problems occurred when invoking code from plug-in: "org.eclipse.ui.console".
!STACK 0
org.eclipse.swt.SWTException: Device is disposed
	at org.eclipse.swt.SWT.error(SWT.java:3777)
	at org.eclipse.swt.SWT.error(SWT.java:3695)
	at org.eclipse.swt.SWT.error(SWT.java:3666)
	at org.eclipse.swt.widgets.Display.error(Display.java:1180)
	at org.eclipse.swt.widgets.Display.asyncExec(Display.java:648)
	at org.eclipse.ui.internal.console.ConsoleDropDownAction.consolesRemoved(ConsoleDropDownAction.java:150)
	at org.eclipse.ui.internal.console.ConsoleManager$ConsoleNotifier.run(ConsoleManager.java:154)
	at org.eclipse.core.runtime.SafeRunner.run(SafeRunner.java:37)
	at org.eclipse.ui.internal.console.ConsoleManager$ConsoleNotifier.notify(ConsoleManager.java:174)
	at org.eclipse.ui.internal.console.ConsoleManager.fireUpdate(ConsoleManager.java:262)
	at org.eclipse.ui.internal.console.ConsoleManager.removeConsoles(ConsoleManager.java:244)
	at org.eclipse.debug.internal.ui.views.console.ProcessConsoleManager.removeProcess(ProcessConsoleManager.java:98)
	at org.eclipse.debug.internal.ui.views.console.ProcessConsoleManager.removeLaunch(ProcessConsoleManager.java:81)
	at org.eclipse.debug.internal.ui.views.console.ProcessConsoleManager.shutdown(ProcessConsoleManager.java:198)
	at org.eclipse.debug.internal.ui.DebugUIPlugin.stop(DebugUIPlugin.java:388)
	at org.eclipse.osgi.framework.internal.core.BundleContextImpl$3.run(BundleContextImpl.java:1050)
	at java.security.AccessController.doPrivileged(Native Method)
	at org.eclipse.osgi.framework.internal.core.BundleContextImpl.stop(BundleContextImpl.java:1046)
	at org.eclipse.osgi.framework.internal.core.BundleHost.stopWorker(BundleHost.java:457)
	at org.eclipse.osgi.framework.internal.core.AbstractBundle.suspend(AbstractBundle.java:531)
	at org.eclipse.osgi.framework.internal.core.Framework.suspendBundle(Framework.java:1104)
	at org.eclipse.osgi.framework.internal.core.StartLevelManager.decFWSL(StartLevelManager.java:655)
	at org.eclipse.osgi.framework.internal.core.StartLevelManager.doSetStartLevel(StartLevelManager.java:312)
	at org.eclipse.osgi.framework.internal.core.StartLevelManager.shutdown(StartLevelManager.java:257)
	at org.eclipse.osgi.framework.internal.core.SystemBundle.suspend(SystemBundle.java:236)
	at org.eclipse.osgi.framework.internal.core.Framework.shutdown(Framework.java:678)
	at org.eclipse.osgi.framework.internal.core.Framework.close(Framework.java:576)
	at org.eclipse.osgi.framework.internal.core.OSGi.close(OSGi.java:41)
	at org.eclipse.core.runtime.adaptor.EclipseStarter.shutdown(EclipseStarter.java:424)
	at org.eclipse.core.runtime.adaptor.EclipseStarter.run(EclipseStarter.java:200)
	at sun.reflect.NativeMethodAccessorImpl.invoke0(Native Method)
	at sun.reflect.NativeMethodAccessorImpl.invoke(Unknown Source)
	at sun.reflect.DelegatingMethodAccessorImpl.invoke(Unknown Source)
	at java.lang.reflect.Method.invoke(Unknown Source)
	at org.eclipse.equinox.launcher.Main.invokeFramework(Main.java:549)
	at org.eclipse.equinox.launcher.Main.basicRun(Main.java:504)
	at org.eclipse.equinox.launcher.Main.run(Main.java:1236)

!ENTRY org.eclipse.ui.console 4 120 2009-06-08 17:39:21.522
!MESSAGE An exception occurred during console notification
!STACK 0
org.eclipse.swt.SWTException: Device is disposed
	at org.eclipse.swt.SWT.error(SWT.java:3777)
	at org.eclipse.swt.SWT.error(SWT.java:3695)
	at org.eclipse.swt.SWT.error(SWT.java:3666)
	at org.eclipse.swt.widgets.Display.error(Display.java:1180)
	at org.eclipse.swt.widgets.Display.asyncExec(Display.java:648)
	at org.eclipse.ui.internal.console.ConsoleDropDownAction.consolesRemoved(ConsoleDropDownAction.java:150)
	at org.eclipse.ui.internal.console.ConsoleManager$ConsoleNotifier.run(ConsoleManager.java:154)
	at org.eclipse.core.runtime.SafeRunner.run(SafeRunner.java:37)
	at org.eclipse.ui.internal.console.ConsoleManager$ConsoleNotifier.notify(ConsoleManager.java:174)
	at org.eclipse.ui.internal.console.ConsoleManager.fireUpdate(ConsoleManager.java:262)
	at org.eclipse.ui.internal.console.ConsoleManager.removeConsoles(ConsoleManager.java:244)
	at org.eclipse.debug.internal.ui.views.console.ProcessConsoleManager.removeProcess(ProcessConsoleManager.java:98)
	at org.eclipse.debug.internal.ui.views.console.ProcessConsoleManager.removeLaunch(ProcessConsoleManager.java:81)
	at org.eclipse.debug.internal.ui.views.console.ProcessConsoleManager.shutdown(ProcessConsoleManager.java:198)
	at org.eclipse.debug.internal.ui.DebugUIPlugin.stop(DebugUIPlugin.java:388)
	at org.eclipse.osgi.framework.internal.core.BundleContextImpl$3.run(BundleContextImpl.java:1050)
	at java.security.AccessController.doPrivileged(Native Method)
	at org.eclipse.osgi.framework.internal.core.BundleContextImpl.stop(BundleContextImpl.java:1046)
	at org.eclipse.osgi.framework.internal.core.BundleHost.stopWorker(BundleHost.java:457)
	at org.eclipse.osgi.framework.internal.core.AbstractBundle.suspend(AbstractBundle.java:531)
	at org.eclipse.osgi.framework.internal.core.Framework.suspendBundle(Framework.java:1104)
	at org.eclipse.osgi.framework.internal.core.StartLevelManager.decFWSL(StartLevelManager.java:655)
	at org.eclipse.osgi.framework.internal.core.StartLevelManager.doSetStartLevel(StartLevelManager.java:312)
	at org.eclipse.osgi.framework.internal.core.StartLevelManager.shutdown(StartLevelManager.java:257)
	at org.eclipse.osgi.framework.internal.core.SystemBundle.suspend(SystemBundle.java:236)
	at org.eclipse.osgi.framework.internal.core.Framework.shutdown(Framework.java:678)
	at org.eclipse.osgi.framework.internal.core.Framework.close(Framework.java:576)
	at org.eclipse.osgi.framework.internal.core.OSGi.close(OSGi.java:41)
	at org.eclipse.core.runtime.adaptor.EclipseStarter.shutdown(EclipseStarter.java:424)
	at org.eclipse.core.runtime.adaptor.EclipseStarter.run(EclipseStarter.java:200)
	at sun.reflect.NativeMethodAccessorImpl.invoke0(Native Method)
	at sun.reflect.NativeMethodAccessorImpl.invoke(Unknown Source)
	at sun.reflect.DelegatingMethodAccessorImpl.invoke(Unknown Source)
	at java.lang.reflect.Method.invoke(Unknown Source)
	at org.eclipse.equinox.launcher.Main.invokeFramework(Main.java:549)
	at org.eclipse.equinox.launcher.Main.basicRun(Main.java:504)
	at org.eclipse.equinox.launcher.Main.run(Main.java:1236)
!SESSION 2009-06-09 13:44:35.671 -----------------------------------------------
eclipse.buildId=M20090211-1700
java.version=1.6.0_10-rc
java.vendor=Sun Microsystems Inc.
BootLoader constants: OS=win32, ARCH=x86, WS=win32, NL=pt_BR
Command-line arguments:  -os win32 -ws win32 -arch x86

!ENTRY org.eclipse.jdt.core 4 969 2009-06-09 13:54:17.270
!MESSAGE atira [in Jogador [in [Working copy] Jogador.java [in batalhanaval [in <project root> [in batalhanaval]]]]] does not exist

!ENTRY org.eclipse.ui.console 4 2 2009-06-09 14:10:48.074
!MESSAGE Problems occurred when invoking code from plug-in: "org.eclipse.ui.console".
!STACK 0
org.eclipse.swt.SWTException: Device is disposed
	at org.eclipse.swt.SWT.error(SWT.java:3777)
	at org.eclipse.swt.SWT.error(SWT.java:3695)
	at org.eclipse.swt.SWT.error(SWT.java:3666)
	at org.eclipse.swt.widgets.Display.error(Display.java:1180)
	at org.eclipse.swt.widgets.Display.asyncExec(Display.java:648)
	at org.eclipse.ui.internal.console.ConsoleDropDownAction.consolesRemoved(ConsoleDropDownAction.java:150)
	at org.eclipse.ui.internal.console.ConsoleManager$ConsoleNotifier.run(ConsoleManager.java:154)
	at org.eclipse.core.runtime.SafeRunner.run(SafeRunner.java:37)
	at org.eclipse.ui.internal.console.ConsoleManager$ConsoleNotifier.notify(ConsoleManager.java:174)
	at org.eclipse.ui.internal.console.ConsoleManager.fireUpdate(ConsoleManager.java:262)
	at org.eclipse.ui.internal.console.ConsoleManager.removeConsoles(ConsoleManager.java:244)
	at org.eclipse.debug.internal.ui.views.console.ProcessConsoleManager.removeProcess(ProcessConsoleManager.java:98)
	at org.eclipse.debug.internal.ui.views.console.ProcessConsoleManager.removeLaunch(ProcessConsoleManager.java:81)
	at org.eclipse.debug.internal.ui.views.console.ProcessConsoleManager.shutdown(ProcessConsoleManager.java:198)
	at org.eclipse.debug.internal.ui.DebugUIPlugin.stop(DebugUIPlugin.java:388)
	at org.eclipse.osgi.framework.internal.core.BundleContextImpl$3.run(BundleContextImpl.java:1050)
	at java.security.AccessController.doPrivileged(Native Method)
	at org.eclipse.osgi.framework.internal.core.BundleContextImpl.stop(BundleContextImpl.java:1046)
	at org.eclipse.osgi.framework.internal.core.BundleHost.stopWorker(BundleHost.java:457)
	at org.eclipse.osgi.framework.internal.core.AbstractBundle.suspend(AbstractBundle.java:531)
	at org.eclipse.osgi.framework.internal.core.Framework.suspendBundle(Framework.java:1104)
	at org.eclipse.osgi.framework.internal.core.StartLevelManager.decFWSL(StartLevelManager.java:655)
	at org.eclipse.osgi.framework.internal.core.StartLevelManager.doSetStartLevel(StartLevelManager.java:312)
	at org.eclipse.osgi.framework.internal.core.StartLevelManager.shutdown(StartLevelManager.java:257)
	at org.eclipse.osgi.framework.internal.core.SystemBundle.suspend(SystemBundle.java:236)
	at org.eclipse.osgi.framework.internal.core.Framework.shutdown(Framework.java:678)
	at org.eclipse.osgi.framework.internal.core.Framework.close(Framework.java:576)
	at org.eclipse.osgi.framework.internal.core.OSGi.close(OSGi.java:41)
	at org.eclipse.core.runtime.adaptor.EclipseStarter.shutdown(EclipseStarter.java:424)
	at org.eclipse.core.runtime.adaptor.EclipseStarter.run(EclipseStarter.java:200)
	at sun.reflect.NativeMethodAccessorImpl.invoke0(Native Method)
	at sun.reflect.NativeMethodAccessorImpl.invoke(Unknown Source)
	at sun.reflect.DelegatingMethodAccessorImpl.invoke(Unknown Source)
	at java.lang.reflect.Method.invoke(Unknown Source)
	at org.eclipse.equinox.launcher.Main.invokeFramework(Main.java:549)
	at org.eclipse.equinox.launcher.Main.basicRun(Main.java:504)
	at org.eclipse.equinox.launcher.Main.run(Main.java:1236)

!ENTRY org.eclipse.ui.console 4 120 2009-06-09 14:10:48.699
!MESSAGE An exception occurred during console notification
!STACK 0
org.eclipse.swt.SWTException: Device is disposed
	at org.eclipse.swt.SWT.error(SWT.java:3777)
	at org.eclipse.swt.SWT.error(SWT.java:3695)
	at org.eclipse.swt.SWT.error(SWT.java:3666)
	at org.eclipse.swt.widgets.Display.error(Display.java:1180)
	at org.eclipse.swt.widgets.Display.asyncExec(Display.java:648)
	at org.eclipse.ui.internal.console.ConsoleDropDownAction.consolesRemoved(ConsoleDropDownAction.java:150)
	at org.eclipse.ui.internal.console.ConsoleManager$ConsoleNotifier.run(ConsoleManager.java:154)
	at org.eclipse.core.runtime.SafeRunner.run(SafeRunner.java:37)
	at org.eclipse.ui.internal.console.ConsoleManager$ConsoleNotifier.notify(ConsoleManager.java:174)
	at org.eclipse.ui.internal.console.ConsoleManager.fireUpdate(ConsoleManager.java:262)
	at org.eclipse.ui.internal.console.ConsoleManager.removeConsoles(ConsoleManager.java:244)
	at org.eclipse.debug.internal.ui.views.console.ProcessConsoleManager.removeProcess(ProcessConsoleManager.java:98)
	at org.eclipse.debug.internal.ui.views.console.ProcessConsoleManager.removeLaunch(ProcessConsoleManager.java:81)
	at org.eclipse.debug.internal.ui.views.console.ProcessConsoleManager.shutdown(ProcessConsoleManager.java:198)
	at org.eclipse.debug.internal.ui.DebugUIPlugin.stop(DebugUIPlugin.java:388)
	at org.eclipse.osgi.framework.internal.core.BundleContextImpl$3.run(BundleContextImpl.java:1050)
	at java.security.AccessController.doPrivileged(Native Method)
	at org.eclipse.osgi.framework.internal.core.BundleContextImpl.stop(BundleContextImpl.java:1046)
	at org.eclipse.osgi.framework.internal.core.BundleHost.stopWorker(BundleHost.java:457)
	at org.eclipse.osgi.framework.internal.core.AbstractBundle.suspend(AbstractBundle.java:531)
	at org.eclipse.osgi.framework.internal.core.Framework.suspendBundle(Framework.java:1104)
	at org.eclipse.osgi.framework.internal.core.StartLevelManager.decFWSL(StartLevelManager.java:655)
	at org.eclipse.osgi.framework.internal.core.StartLevelManager.doSetStartLevel(StartLevelManager.java:312)
	at org.eclipse.osgi.framework.internal.core.StartLevelManager.shutdown(StartLevelManager.java:257)
	at org.eclipse.osgi.framework.internal.core.SystemBundle.suspend(SystemBundle.java:236)
	at org.eclipse.osgi.framework.internal.core.Framework.shutdown(Framework.java:678)
	at org.eclipse.osgi.framework.internal.core.Framework.close(Framework.java:576)
	at org.eclipse.osgi.framework.internal.core.OSGi.close(OSGi.java:41)
	at org.eclipse.core.runtime.adaptor.EclipseStarter.shutdown(EclipseStarter.java:424)
	at org.eclipse.core.runtime.adaptor.EclipseStarter.run(EclipseStarter.java:200)
	at sun.reflect.NativeMethodAccessorImpl.invoke0(Native Method)
	at sun.reflect.NativeMethodAccessorImpl.invoke(Unknown Source)
	at sun.reflect.DelegatingMethodAccessorImpl.invoke(Unknown Source)
	at java.lang.reflect.Method.invoke(Unknown Source)
	at org.eclipse.equinox.launcher.Main.invokeFramework(Main.java:549)
	at org.eclipse.equinox.launcher.Main.basicRun(Main.java:504)
	at org.eclipse.equinox.launcher.Main.run(Main.java:1236)
!SESSION 2009-06-09 16:01:01.192 -----------------------------------------------
eclipse.buildId=M20090211-1700
java.version=1.6.0_10-rc
java.vendor=Sun Microsystems Inc.
BootLoader constants: OS=win32, ARCH=x86, WS=win32, NL=pt_BR
Command-line arguments:  -os win32 -ws win32 -arch x86

!ENTRY org.eclipse.ui.console 4 2 2009-06-09 16:12:29.047
!MESSAGE Problems occurred when invoking code from plug-in: "org.eclipse.ui.console".
!STACK 0
org.eclipse.swt.SWTException: Device is disposed
	at org.eclipse.swt.SWT.error(SWT.java:3777)
	at org.eclipse.swt.SWT.error(SWT.java:3695)
	at org.eclipse.swt.SWT.error(SWT.java:3666)
	at org.eclipse.swt.widgets.Display.error(Display.java:1180)
	at org.eclipse.swt.widgets.Display.asyncExec(Display.java:648)
	at org.eclipse.ui.internal.console.ConsoleDropDownAction.consolesRemoved(ConsoleDropDownAction.java:150)
	at org.eclipse.ui.internal.console.ConsoleManager$ConsoleNotifier.run(ConsoleManager.java:154)
	at org.eclipse.core.runtime.SafeRunner.run(SafeRunner.java:37)
	at org.eclipse.ui.internal.console.ConsoleManager$ConsoleNotifier.notify(ConsoleManager.java:174)
	at org.eclipse.ui.internal.console.ConsoleManager.fireUpdate(ConsoleManager.java:262)
	at org.eclipse.ui.internal.console.ConsoleManager.removeConsoles(ConsoleManager.java:244)
	at org.eclipse.debug.internal.ui.views.console.ProcessConsoleManager.removeProcess(ProcessConsoleManager.java:98)
	at org.eclipse.debug.internal.ui.views.console.ProcessConsoleManager.removeLaunch(ProcessConsoleManager.java:81)
	at org.eclipse.debug.internal.ui.views.console.ProcessConsoleManager.shutdown(ProcessConsoleManager.java:198)
	at org.eclipse.debug.internal.ui.DebugUIPlugin.stop(DebugUIPlugin.java:388)
	at org.eclipse.osgi.framework.internal.core.BundleContextImpl$3.run(BundleContextImpl.java:1050)
	at java.security.AccessController.doPrivileged(Native Method)
	at org.eclipse.osgi.framework.internal.core.BundleContextImpl.stop(BundleContextImpl.java:1046)
	at org.eclipse.osgi.framework.internal.core.BundleHost.stopWorker(BundleHost.java:457)
	at org.eclipse.osgi.framework.internal.core.AbstractBundle.suspend(AbstractBundle.java:531)
	at org.eclipse.osgi.framework.internal.core.Framework.suspendBundle(Framework.java:1104)
	at org.eclipse.osgi.framework.internal.core.StartLevelManager.decFWSL(StartLevelManager.java:655)
	at org.eclipse.osgi.framework.internal.core.StartLevelManager.doSetStartLevel(StartLevelManager.java:312)
	at org.eclipse.osgi.framework.internal.core.StartLevelManager.shutdown(StartLevelManager.java:257)
	at org.eclipse.osgi.framework.internal.core.SystemBundle.suspend(SystemBundle.java:236)
	at org.eclipse.osgi.framework.internal.core.Framework.shutdown(Framework.java:678)
	at org.eclipse.osgi.framework.internal.core.Framework.close(Framework.java:576)
	at org.eclipse.osgi.framework.internal.core.OSGi.close(OSGi.java:41)
	at org.eclipse.core.runtime.adaptor.EclipseStarter.shutdown(EclipseStarter.java:424)
	at org.eclipse.core.runtime.adaptor.EclipseStarter.run(EclipseStarter.java:200)
	at sun.reflect.NativeMethodAccessorImpl.invoke0(Native Method)
	at sun.reflect.NativeMethodAccessorImpl.invoke(Unknown Source)
	at sun.reflect.DelegatingMethodAccessorImpl.invoke(Unknown Source)
	at java.lang.reflect.Method.invoke(Unknown Source)
	at org.eclipse.equinox.launcher.Main.invokeFramework(Main.java:549)
	at org.eclipse.equinox.launcher.Main.basicRun(Main.java:504)
	at org.eclipse.equinox.launcher.Main.run(Main.java:1236)

!ENTRY org.eclipse.ui.console 4 120 2009-06-09 16:12:29.063
!MESSAGE An exception occurred during console notification
!STACK 0
org.eclipse.swt.SWTException: Device is disposed
	at org.eclipse.swt.SWT.error(SWT.java:3777)
	at org.eclipse.swt.SWT.error(SWT.java:3695)
	at org.eclipse.swt.SWT.error(SWT.java:3666)
	at org.eclipse.swt.widgets.Display.error(Display.java:1180)
	at org.eclipse.swt.widgets.Display.asyncExec(Display.java:648)
	at org.eclipse.ui.internal.console.ConsoleDropDownAction.consolesRemoved(ConsoleDropDownAction.java:150)
	at org.eclipse.ui.internal.console.ConsoleManager$ConsoleNotifier.run(ConsoleManager.java:154)
	at org.eclipse.core.runtime.SafeRunner.run(SafeRunner.java:37)
	at org.eclipse.ui.internal.console.ConsoleManager$ConsoleNotifier.notify(ConsoleManager.java:174)
	at org.eclipse.ui.internal.console.ConsoleManager.fireUpdate(ConsoleManager.java:262)
	at org.eclipse.ui.internal.console.ConsoleManager.removeConsoles(ConsoleManager.java:244)
	at org.eclipse.debug.internal.ui.views.console.ProcessConsoleManager.removeProcess(ProcessConsoleManager.java:98)
	at org.eclipse.debug.internal.ui.views.console.ProcessConsoleManager.removeLaunch(ProcessConsoleManager.java:81)
	at org.eclipse.debug.internal.ui.views.console.ProcessConsoleManager.shutdown(ProcessConsoleManager.java:198)
	at org.eclipse.debug.internal.ui.DebugUIPlugin.stop(DebugUIPlugin.java:388)
	at org.eclipse.osgi.framework.internal.core.BundleContextImpl$3.run(BundleContextImpl.java:1050)
	at java.security.AccessController.doPrivileged(Native Method)
	at org.eclipse.osgi.framework.internal.core.BundleContextImpl.stop(BundleContextImpl.java:1046)
	at org.eclipse.osgi.framework.internal.core.BundleHost.stopWorker(BundleHost.java:457)
	at org.eclipse.osgi.framework.internal.core.AbstractBundle.suspend(AbstractBundle.java:531)
	at org.eclipse.osgi.framework.internal.core.Framework.suspendBundle(Framework.java:1104)
	at org.eclipse.osgi.framework.internal.core.StartLevelManager.decFWSL(StartLevelManager.java:655)
	at org.eclipse.osgi.framework.internal.core.StartLevelManager.doSetStartLevel(StartLevelManager.java:312)
	at org.eclipse.osgi.framework.internal.core.StartLevelManager.shutdown(StartLevelManager.java:257)
	at org.eclipse.osgi.framework.internal.core.SystemBundle.suspend(SystemBundle.java:236)
	at org.eclipse.osgi.framework.internal.core.Framework.shutdown(Framework.java:678)
	at org.eclipse.osgi.framework.internal.core.Framework.close(Framework.java:576)
	at org.eclipse.osgi.framework.internal.core.OSGi.close(OSGi.java:41)
	at org.eclipse.core.runtime.adaptor.EclipseStarter.shutdown(EclipseStarter.java:424)
	at org.eclipse.core.runtime.adaptor.EclipseStarter.run(EclipseStarter.java:200)
	at sun.reflect.NativeMethodAccessorImpl.invoke0(Native Method)
	at sun.reflect.NativeMethodAccessorImpl.invoke(Unknown Source)
	at sun.reflect.DelegatingMethodAccessorImpl.invoke(Unknown Source)
	at java.lang.reflect.Method.invoke(Unknown Source)
	at org.eclipse.equinox.launcher.Main.invokeFramework(Main.java:549)
	at org.eclipse.equinox.launcher.Main.basicRun(Main.java:504)
	at org.eclipse.equinox.launcher.Main.run(Main.java:1236)
!SESSION 2009-06-09 21:00:29.046 -----------------------------------------------
eclipse.buildId=M20070212-1330
java.version=1.6.0_10-rc
java.vendor=Sun Microsystems Inc.
BootLoader constants: OS=win32, ARCH=x86, WS=win32, NL=pt_BR
Command-line arguments:  -os win32 -ws win32 -arch x86

!ENTRY org.eclipse.osgi 4 0 2009-06-09 21:00:29.656
!MESSAGE Error reading configuration: C:\eclipse\configuration\org.eclipse.osgi\.manager\.fileTableLock (Acesso negado)
!STACK 0
java.io.FileNotFoundException: C:\eclipse\configuration\org.eclipse.osgi\.manager\.fileTableLock (Acesso negado)
	at java.io.RandomAccessFile.open(Native Method)
	at java.io.RandomAccessFile.<init>(Unknown Source)
	at org.eclipse.core.runtime.internal.adaptor.Locker_JavaNio.lock(Locker_JavaNio.java:32)
	at org.eclipse.osgi.storagemanager.StorageManager.lock(StorageManager.java:388)
	at org.eclipse.osgi.storagemanager.StorageManager.open(StorageManager.java:695)
	at org.eclipse.osgi.internal.baseadaptor.BaseStorage.initFileManager(BaseStorage.java:162)
	at org.eclipse.osgi.internal.baseadaptor.BaseStorage.initialize(BaseStorage.java:139)
	at org.eclipse.osgi.baseadaptor.BaseAdaptor.initializeStorage(BaseAdaptor.java:124)
	at org.eclipse.osgi.framework.internal.core.Framework.initialize(Framework.java:174)
	at org.eclipse.osgi.framework.internal.core.Framework.<init>(Framework.java:147)
	at org.eclipse.osgi.framework.internal.core.OSGi.createFramework(OSGi.java:90)
	at org.eclipse.osgi.framework.internal.core.OSGi.<init>(OSGi.java:31)
	at org.eclipse.core.runtime.adaptor.EclipseStarter.startup(EclipseStarter.java:283)
	at org.eclipse.core.runtime.adaptor.EclipseStarter.run(EclipseStarter.java:172)
	at sun.reflect.NativeMethodAccessorImpl.invoke0(Native Method)
	at sun.reflect.NativeMethodAccessorImpl.invoke(Unknown Source)
	at sun.reflect.DelegatingMethodAccessorImpl.invoke(Unknown Source)
	at java.lang.reflect.Method.invoke(Unknown Source)
	at org.eclipse.core.launcher.Main.invokeFramework(Main.java:336)
	at org.eclipse.core.launcher.Main.basicRun(Main.java:280)
	at org.eclipse.core.launcher.Main.run(Main.java:977)
	at org.eclipse.core.launcher.Main.main(Main.java:952)

!ENTRY org.eclipse.update.configurator 2009-06-09 21:00:32.812
!MESSAGE C:\eclipse\configuration\org.eclipse.update\last.config.stamp (Acesso negado)

!ENTRY org.eclipse.equinox.preferences 4 4 2009-06-09 21:00:50.734
!MESSAGE Exception saving preferences to: C:/eclipse/configuration/.settings/org.eclipse.ui.ide.prefs.
!STACK 0
java.io.FileNotFoundException: C:\eclipse\configuration\.settings\org.eclipse.ui.ide.prefs (Acesso negado)
	at java.io.FileOutputStream.open(Native Method)
	at java.io.FileOutputStream.<init>(Unknown Source)
	at java.io.FileOutputStream.<init>(Unknown Source)
	at org.eclipse.core.internal.preferences.EclipsePreferences.save(EclipsePreferences.java:983)
	at org.eclipse.core.internal.preferences.EclipsePreferences.save(EclipsePreferences.java:953)
	at org.eclipse.core.internal.preferences.EclipsePreferences.flush(EclipsePreferences.java:352)
	at org.eclipse.ui.internal.ide.ChooseWorkspaceData.writePersistedData(ChooseWorkspaceData.java:236)
	at org.eclipse.ui.internal.ide.application.IDEApplication.checkInstanceLocation(IDEApplication.java:226)
	at org.eclipse.ui.internal.ide.application.IDEApplication.start(IDEApplication.java:92)
	at org.eclipse.equinox.internal.app.EclipseAppHandle.run(EclipseAppHandle.java:169)
	at org.eclipse.core.runtime.internal.adaptor.EclipseAppLauncher.runApplication(EclipseAppLauncher.java:106)
	at org.eclipse.core.runtime.internal.adaptor.EclipseAppLauncher.start(EclipseAppLauncher.java:76)
	at org.eclipse.core.runtime.adaptor.EclipseStarter.run(EclipseStarter.java:363)
	at org.eclipse.core.runtime.adaptor.EclipseStarter.run(EclipseStarter.java:176)
	at sun.reflect.NativeMethodAccessorImpl.invoke0(Native Method)
	at sun.reflect.NativeMethodAccessorImpl.invoke(Unknown Source)
	at sun.reflect.DelegatingMethodAccessorImpl.invoke(Unknown Source)
	at java.lang.reflect.Method.invoke(Unknown Source)
	at org.eclipse.core.launcher.Main.invokeFramework(Main.java:336)
	at org.eclipse.core.launcher.Main.basicRun(Main.java:280)
	at org.eclipse.core.launcher.Main.run(Main.java:977)
	at org.eclipse.core.launcher.Main.main(Main.java:952)

!ENTRY org.eclipse.osgi 4 0 2009-06-09 21:01:02.328
!MESSAGE 
!STACK 0
java.io.IOException: Manager is not opened.
	at org.eclipse.osgi.storagemanager.StorageManager.add(StorageManager.java:217)
	at org.eclipse.osgi.storagemanager.StorageManager.closeOutputStream(StorageManager.java:892)
	at org.eclipse.osgi.storagemanager.ManagedOutputStream.close(ManagedOutputStream.java:52)
	at java.io.FilterOutputStream.close(Unknown Source)
	at java.io.FilterOutputStream.close(Unknown Source)
	at org.eclipse.osgi.internal.baseadaptor.BaseStorage.saveBundleDatas(BaseStorage.java:515)
	at org.eclipse.osgi.internal.baseadaptor.BaseStorage.saveAllData(BaseStorage.java:382)
	at org.eclipse.osgi.internal.baseadaptor.BaseStorage.access$1(BaseStorage.java:372)
	at org.eclipse.osgi.internal.baseadaptor.BaseStorage$StateSaver.run(BaseStorage.java:1115)
	at java.lang.Thread.run(Unknown Source)

!ENTRY org.eclipse.osgi 4 0 2009-06-09 21:01:03.218
!MESSAGE 
!STACK 0
java.io.IOException: Manager is not opened.
	at org.eclipse.osgi.storagemanager.StorageManager.lookup(StorageManager.java:425)
	at org.eclipse.osgi.internal.baseadaptor.BaseStorage.saveStateData(BaseStorage.java:547)
	at org.eclipse.osgi.internal.baseadaptor.BaseStorage.saveAllData(BaseStorage.java:383)
	at org.eclipse.osgi.internal.baseadaptor.BaseStorage.access$1(BaseStorage.java:372)
	at org.eclipse.osgi.internal.baseadaptor.BaseStorage$StateSaver.run(BaseStorage.java:1115)
	at java.lang.Thread.run(Unknown Source)

!ENTRY org.eclipse.osgi 4 0 2009-06-09 21:15:26.781
!MESSAGE 
!STACK 0
java.io.IOException: Manager is not opened.
	at org.eclipse.osgi.storagemanager.StorageManager.add(StorageManager.java:217)
	at org.eclipse.osgi.storagemanager.StorageManager.closeOutputStream(StorageManager.java:892)
	at org.eclipse.osgi.storagemanager.ManagedOutputStream.close(ManagedOutputStream.java:52)
	at java.io.FilterOutputStream.close(Unknown Source)
	at java.io.FilterOutputStream.close(Unknown Source)
	at org.eclipse.osgi.internal.baseadaptor.BaseStorage.saveBundleDatas(BaseStorage.java:515)
	at org.eclipse.osgi.internal.baseadaptor.BaseStorage.saveAllData(BaseStorage.java:382)
	at org.eclipse.osgi.internal.baseadaptor.BaseStorage.frameworkStop(BaseStorage.java:772)
	at org.eclipse.osgi.baseadaptor.BaseAdaptor.frameworkStop(BaseAdaptor.java:273)
	at org.eclipse.osgi.framework.internal.core.SystemBundleActivator.stop(SystemBundleActivator.java:64)
	at org.eclipse.osgi.framework.internal.core.BundleContextImpl$3.run(BundleContextImpl.java:1040)
	at java.security.AccessController.doPrivileged(Native Method)
	at org.eclipse.osgi.framework.internal.core.BundleContextImpl.stop(BundleContextImpl.java:1036)
	at org.eclipse.osgi.framework.internal.core.StartLevelManager.suspendAllBundles(StartLevelManager.java:705)
	at org.eclipse.osgi.framework.internal.core.StartLevelManager.decFWSL(StartLevelManager.java:658)
	at org.eclipse.osgi.framework.internal.core.StartLevelManager.doSetStartLevel(StartLevelManager.java:291)
	at org.eclipse.osgi.framework.internal.core.StartLevelManager.shutdown(StartLevelManager.java:261)
	at org.eclipse.osgi.framework.internal.core.SystemBundle.suspend(SystemBundle.java:188)
	at org.eclipse.osgi.framework.internal.core.Framework.shutdown(Framework.java:622)
	at org.eclipse.osgi.framework.internal.core.Framework.close(Framework.java:525)
	at org.eclipse.osgi.framework.internal.core.OSGi.close(OSGi.java:41)
	at org.eclipse.core.runtime.adaptor.EclipseStarter.shutdown(EclipseStarter.java:399)
	at org.eclipse.core.runtime.adaptor.EclipseStarter.run(EclipseStarter.java:197)
	at sun.reflect.NativeMethodAccessorImpl.invoke0(Native Method)
	at sun.reflect.NativeMethodAccessorImpl.invoke(Unknown Source)
	at sun.reflect.DelegatingMethodAccessorImpl.invoke(Unknown Source)
	at java.lang.reflect.Method.invoke(Unknown Source)
	at org.eclipse.core.launcher.Main.invokeFramework(Main.java:336)
	at org.eclipse.core.launcher.Main.basicRun(Main.java:280)
	at org.eclipse.core.launcher.Main.run(Main.java:977)
	at org.eclipse.core.launcher.Main.main(Main.java:952)
!SESSION 2009-06-10 12:52:18.784 -----------------------------------------------
eclipse.buildId=M20090211-1700
java.version=1.6.0_10-rc
java.vendor=Sun Microsystems Inc.
BootLoader constants: OS=win32, ARCH=x86, WS=win32, NL=pt_BR
Command-line arguments:  -os win32 -ws win32 -arch x86

!ENTRY org.eclipse.jdt.core 4 969 2009-06-10 13:09:22.527
!MESSAGE ba [in Navio [in [Working copy] Navio.java [in batalhanaval [in <project root> [in batalhanaval]]]]] does not exist

!ENTRY org.eclipse.jdt.core 4 969 2009-06-10 13:09:23.137
!MESSAGE BARCO_ [in Navio [in [Working copy] Navio.java [in batalhanaval [in <project root> [in batalhanaval]]]]] does not exist

!ENTRY org.eclipse.jdt.core 4 969 2009-06-10 13:09:23.152
!MESSAGE b [in Navio [in [Working copy] Navio.java [in batalhanaval [in <project root> [in batalhanaval]]]]] does not exist

!ENTRY org.eclipse.jdt.core 4 969 2009-06-10 13:09:27.996
!MESSAGE BARCO_P [in Navio [in [Working copy] Navio.java [in batalhanaval [in <project root> [in batalhanaval]]]]] does not exist

!ENTRY org.eclipse.jdt.core 4 969 2009-06-10 13:09:46.199
!MESSAGE DESTROI [in Navio [in [Working copy] Navio.java [in batalhanaval [in <project root> [in batalhanaval]]]]] does not exist

!ENTRY org.eclipse.jdt.core 4 969 2009-06-10 13:09:46.215
!MESSAGE DESTRO [in Navio [in [Working copy] Navio.java [in batalhanaval [in <project root> [in batalhanaval]]]]] does not exist

!ENTRY org.eclipse.jdt.core 4 969 2009-06-10 13:10:23.013
!MESSAGE ENCO [in Navio [in [Working copy] Navio.java [in batalhanaval [in <project root> [in batalhanaval]]]]] does not exist

!ENTRY org.eclipse.jdt.core 4 969 2009-06-10 13:10:50.999
!MESSAGE PORTA [in Navio [in [Working copy] Navio.java [in batalhanaval [in <project root> [in batalhanaval]]]]] does not exist

!ENTRY org.eclipse.ui.console 4 2 2009-06-10 13:26:15.323
!MESSAGE Problems occurred when invoking code from plug-in: "org.eclipse.ui.console".
!STACK 0
org.eclipse.swt.SWTException: Device is disposed
	at org.eclipse.swt.SWT.error(SWT.java:3777)
	at org.eclipse.swt.SWT.error(SWT.java:3695)
	at org.eclipse.swt.SWT.error(SWT.java:3666)
	at org.eclipse.swt.widgets.Display.error(Display.java:1180)
	at org.eclipse.swt.widgets.Display.asyncExec(Display.java:648)
	at org.eclipse.ui.internal.console.ConsoleDropDownAction.consolesRemoved(ConsoleDropDownAction.java:150)
	at org.eclipse.ui.internal.console.ConsoleManager$ConsoleNotifier.run(ConsoleManager.java:154)
	at org.eclipse.core.runtime.SafeRunner.run(SafeRunner.java:37)
	at org.eclipse.ui.internal.console.ConsoleManager$ConsoleNotifier.notify(ConsoleManager.java:174)
	at org.eclipse.ui.internal.console.ConsoleManager.fireUpdate(ConsoleManager.java:262)
	at org.eclipse.ui.internal.console.ConsoleManager.removeConsoles(ConsoleManager.java:244)
	at org.eclipse.debug.internal.ui.views.console.ProcessConsoleManager.removeProcess(ProcessConsoleManager.java:98)
	at org.eclipse.debug.internal.ui.views.console.ProcessConsoleManager.removeLaunch(ProcessConsoleManager.java:81)
	at org.eclipse.debug.internal.ui.views.console.ProcessConsoleManager.shutdown(ProcessConsoleManager.java:198)
	at org.eclipse.debug.internal.ui.DebugUIPlugin.stop(DebugUIPlugin.java:388)
	at org.eclipse.osgi.framework.internal.core.BundleContextImpl$3.run(BundleContextImpl.java:1050)
	at java.security.AccessController.doPrivileged(Native Method)
	at org.eclipse.osgi.framework.internal.core.BundleContextImpl.stop(BundleContextImpl.java:1046)
	at org.eclipse.osgi.framework.internal.core.BundleHost.stopWorker(BundleHost.java:457)
	at org.eclipse.osgi.framework.internal.core.AbstractBundle.suspend(AbstractBundle.java:531)
	at org.eclipse.osgi.framework.internal.core.Framework.suspendBundle(Framework.java:1104)
	at org.eclipse.osgi.framework.internal.core.StartLevelManager.decFWSL(StartLevelManager.java:655)
	at org.eclipse.osgi.framework.internal.core.StartLevelManager.doSetStartLevel(StartLevelManager.java:312)
	at org.eclipse.osgi.framework.internal.core.StartLevelManager.shutdown(StartLevelManager.java:257)
	at org.eclipse.osgi.framework.internal.core.SystemBundle.suspend(SystemBundle.java:236)
	at org.eclipse.osgi.framework.internal.core.Framework.shutdown(Framework.java:678)
	at org.eclipse.osgi.framework.internal.core.Framework.close(Framework.java:576)
	at org.eclipse.osgi.framework.internal.core.OSGi.close(OSGi.java:41)
	at org.eclipse.core.runtime.adaptor.EclipseStarter.shutdown(EclipseStarter.java:424)
	at org.eclipse.core.runtime.adaptor.EclipseStarter.run(EclipseStarter.java:200)
	at sun.reflect.NativeMethodAccessorImpl.invoke0(Native Method)
	at sun.reflect.NativeMethodAccessorImpl.invoke(Unknown Source)
	at sun.reflect.DelegatingMethodAccessorImpl.invoke(Unknown Source)
	at java.lang.reflect.Method.invoke(Unknown Source)
	at org.eclipse.equinox.launcher.Main.invokeFramework(Main.java:549)
	at org.eclipse.equinox.launcher.Main.basicRun(Main.java:504)
	at org.eclipse.equinox.launcher.Main.run(Main.java:1236)

!ENTRY org.eclipse.ui.console 4 120 2009-06-10 13:26:15.620
!MESSAGE An exception occurred during console notification
!STACK 0
org.eclipse.swt.SWTException: Device is disposed
	at org.eclipse.swt.SWT.error(SWT.java:3777)
	at org.eclipse.swt.SWT.error(SWT.java:3695)
	at org.eclipse.swt.SWT.error(SWT.java:3666)
	at org.eclipse.swt.widgets.Display.error(Display.java:1180)
	at org.eclipse.swt.widgets.Display.asyncExec(Display.java:648)
	at org.eclipse.ui.internal.console.ConsoleDropDownAction.consolesRemoved(ConsoleDropDownAction.java:150)
	at org.eclipse.ui.internal.console.ConsoleManager$ConsoleNotifier.run(ConsoleManager.java:154)
	at org.eclipse.core.runtime.SafeRunner.run(SafeRunner.java:37)
	at org.eclipse.ui.internal.console.ConsoleManager$ConsoleNotifier.notify(ConsoleManager.java:174)
	at org.eclipse.ui.internal.console.ConsoleManager.fireUpdate(ConsoleManager.java:262)
	at org.eclipse.ui.internal.console.ConsoleManager.removeConsoles(ConsoleManager.java:244)
	at org.eclipse.debug.internal.ui.views.console.ProcessConsoleManager.removeProcess(ProcessConsoleManager.java:98)
	at org.eclipse.debug.internal.ui.views.console.ProcessConsoleManager.removeLaunch(ProcessConsoleManager.java:81)
	at org.eclipse.debug.internal.ui.views.console.ProcessConsoleManager.shutdown(ProcessConsoleManager.java:198)
	at org.eclipse.debug.internal.ui.DebugUIPlugin.stop(DebugUIPlugin.java:388)
	at org.eclipse.osgi.framework.internal.core.BundleContextImpl$3.run(BundleContextImpl.java:1050)
	at java.security.AccessController.doPrivileged(Native Method)
	at org.eclipse.osgi.framework.internal.core.BundleContextImpl.stop(BundleContextImpl.java:1046)
	at org.eclipse.osgi.framework.internal.core.BundleHost.stopWorker(BundleHost.java:457)
	at org.eclipse.osgi.framework.internal.core.AbstractBundle.suspend(AbstractBundle.java:531)
	at org.eclipse.osgi.framework.internal.core.Framework.suspendBundle(Framework.java:1104)
	at org.eclipse.osgi.framework.internal.core.StartLevelManager.decFWSL(StartLevelManager.java:655)
	at org.eclipse.osgi.framework.internal.core.StartLevelManager.doSetStartLevel(StartLevelManager.java:312)
	at org.eclipse.osgi.framework.internal.core.StartLevelManager.shutdown(StartLevelManager.java:257)
	at org.eclipse.osgi.framework.internal.core.SystemBundle.suspend(SystemBundle.java:236)
	at org.eclipse.osgi.framework.internal.core.Framework.shutdown(Framework.java:678)
	at org.eclipse.osgi.framework.internal.core.Framework.close(Framework.java:576)
	at org.eclipse.osgi.framework.internal.core.OSGi.close(OSGi.java:41)
	at org.eclipse.core.runtime.adaptor.EclipseStarter.shutdown(EclipseStarter.java:424)
	at org.eclipse.core.runtime.adaptor.EclipseStarter.run(EclipseStarter.java:200)
	at sun.reflect.NativeMethodAccessorImpl.invoke0(Native Method)
	at sun.reflect.NativeMethodAccessorImpl.invoke(Unknown Source)
	at sun.reflect.DelegatingMethodAccessorImpl.invoke(Unknown Source)
	at java.lang.reflect.Method.invoke(Unknown Source)
	at org.eclipse.equinox.launcher.Main.invokeFramework(Main.java:549)
	at org.eclipse.equinox.launcher.Main.basicRun(Main.java:504)
	at org.eclipse.equinox.launcher.Main.run(Main.java:1236)
!SESSION 2009-06-11 13:47:03.699 -----------------------------------------------
eclipse.buildId=M20090211-1700
java.version=1.6.0_07
java.vendor=Sun Microsystems Inc.
BootLoader constants: OS=linux, ARCH=x86, WS=gtk, NL=pt_BR
Command-line arguments:  -os linux -ws gtk -arch x86

!ENTRY org.eclipse.ui.console 4 2 2009-06-11 13:59:47.933
!MESSAGE Problems occurred when invoking code from plug-in: "org.eclipse.ui.console".
!STACK 0
org.eclipse.swt.SWTException: Device is disposed
	at org.eclipse.swt.SWT.error(SWT.java:3777)
	at org.eclipse.swt.SWT.error(SWT.java:3695)
	at org.eclipse.swt.SWT.error(SWT.java:3666)
	at org.eclipse.swt.widgets.Display.error(Display.java:1142)
	at org.eclipse.swt.widgets.Display.asyncExec(Display.java:665)
	at org.eclipse.ui.internal.console.ConsoleDropDownAction.consolesRemoved(ConsoleDropDownAction.java:150)
	at org.eclipse.ui.internal.console.ConsoleManager$ConsoleNotifier.run(ConsoleManager.java:154)
	at org.eclipse.core.runtime.SafeRunner.run(SafeRunner.java:37)
	at org.eclipse.ui.internal.console.ConsoleManager$ConsoleNotifier.notify(ConsoleManager.java:174)
	at org.eclipse.ui.internal.console.ConsoleManager.fireUpdate(ConsoleManager.java:262)
	at org.eclipse.ui.internal.console.ConsoleManager.removeConsoles(ConsoleManager.java:244)
	at org.eclipse.debug.internal.ui.views.console.ProcessConsoleManager.removeProcess(ProcessConsoleManager.java:98)
	at org.eclipse.debug.internal.ui.views.console.ProcessConsoleManager.removeLaunch(ProcessConsoleManager.java:81)
	at org.eclipse.debug.internal.ui.views.console.ProcessConsoleManager.shutdown(ProcessConsoleManager.java:198)
	at org.eclipse.debug.internal.ui.DebugUIPlugin.stop(DebugUIPlugin.java:388)
	at org.eclipse.osgi.framework.internal.core.BundleContextImpl$3.run(BundleContextImpl.java:1050)
	at java.security.AccessController.doPrivileged(Native Method)
	at org.eclipse.osgi.framework.internal.core.BundleContextImpl.stop(BundleContextImpl.java:1046)
	at org.eclipse.osgi.framework.internal.core.BundleHost.stopWorker(BundleHost.java:457)
	at org.eclipse.osgi.framework.internal.core.AbstractBundle.suspend(AbstractBundle.java:531)
	at org.eclipse.osgi.framework.internal.core.Framework.suspendBundle(Framework.java:1104)
	at org.eclipse.osgi.framework.internal.core.StartLevelManager.decFWSL(StartLevelManager.java:655)
	at org.eclipse.osgi.framework.internal.core.StartLevelManager.doSetStartLevel(StartLevelManager.java:312)
	at org.eclipse.osgi.framework.internal.core.StartLevelManager.shutdown(StartLevelManager.java:257)
	at org.eclipse.osgi.framework.internal.core.SystemBundle.suspend(SystemBundle.java:236)
	at org.eclipse.osgi.framework.internal.core.Framework.shutdown(Framework.java:678)
	at org.eclipse.osgi.framework.internal.core.Framework.close(Framework.java:576)
	at org.eclipse.osgi.framework.internal.core.OSGi.close(OSGi.java:41)
	at org.eclipse.core.runtime.adaptor.EclipseStarter.shutdown(EclipseStarter.java:424)
	at org.eclipse.core.runtime.adaptor.EclipseStarter.run(EclipseStarter.java:200)
	at sun.reflect.NativeMethodAccessorImpl.invoke0(Native Method)
	at sun.reflect.NativeMethodAccessorImpl.invoke(NativeMethodAccessorImpl.java:39)
	at sun.reflect.DelegatingMethodAccessorImpl.invoke(DelegatingMethodAccessorImpl.java:25)
	at java.lang.reflect.Method.invoke(Method.java:597)
	at org.eclipse.equinox.launcher.Main.invokeFramework(Main.java:549)
	at org.eclipse.equinox.launcher.Main.basicRun(Main.java:504)
	at org.eclipse.equinox.launcher.Main.run(Main.java:1236)

!ENTRY org.eclipse.ui.console 4 120 2009-06-11 13:59:48.565
!MESSAGE An exception occurred during console notification
!STACK 0
org.eclipse.swt.SWTException: Device is disposed
	at org.eclipse.swt.SWT.error(SWT.java:3777)
	at org.eclipse.swt.SWT.error(SWT.java:3695)
	at org.eclipse.swt.SWT.error(SWT.java:3666)
	at org.eclipse.swt.widgets.Display.error(Display.java:1142)
	at org.eclipse.swt.widgets.Display.asyncExec(Display.java:665)
	at org.eclipse.ui.internal.console.ConsoleDropDownAction.consolesRemoved(ConsoleDropDownAction.java:150)
	at org.eclipse.ui.internal.console.ConsoleManager$ConsoleNotifier.run(ConsoleManager.java:154)
	at org.eclipse.core.runtime.SafeRunner.run(SafeRunner.java:37)
	at org.eclipse.ui.internal.console.ConsoleManager$ConsoleNotifier.notify(ConsoleManager.java:174)
	at org.eclipse.ui.internal.console.ConsoleManager.fireUpdate(ConsoleManager.java:262)
	at org.eclipse.ui.internal.console.ConsoleManager.removeConsoles(ConsoleManager.java:244)
	at org.eclipse.debug.internal.ui.views.console.ProcessConsoleManager.removeProcess(ProcessConsoleManager.java:98)
	at org.eclipse.debug.internal.ui.views.console.ProcessConsoleManager.removeLaunch(ProcessConsoleManager.java:81)
	at org.eclipse.debug.internal.ui.views.console.ProcessConsoleManager.shutdown(ProcessConsoleManager.java:198)
	at org.eclipse.debug.internal.ui.DebugUIPlugin.stop(DebugUIPlugin.java:388)
	at org.eclipse.osgi.framework.internal.core.BundleContextImpl$3.run(BundleContextImpl.java:1050)
	at java.security.AccessController.doPrivileged(Native Method)
	at org.eclipse.osgi.framework.internal.core.BundleContextImpl.stop(BundleContextImpl.java:1046)
	at org.eclipse.osgi.framework.internal.core.BundleHost.stopWorker(BundleHost.java:457)
	at org.eclipse.osgi.framework.internal.core.AbstractBundle.suspend(AbstractBundle.java:531)
	at org.eclipse.osgi.framework.internal.core.Framework.suspendBundle(Framework.java:1104)
	at org.eclipse.osgi.framework.internal.core.StartLevelManager.decFWSL(StartLevelManager.java:655)
	at org.eclipse.osgi.framework.internal.core.StartLevelManager.doSetStartLevel(StartLevelManager.java:312)
	at org.eclipse.osgi.framework.internal.core.StartLevelManager.shutdown(StartLevelManager.java:257)
	at org.eclipse.osgi.framework.internal.core.SystemBundle.suspend(SystemBundle.java:236)
	at org.eclipse.osgi.framework.internal.core.Framework.shutdown(Framework.java:678)
	at org.eclipse.osgi.framework.internal.core.Framework.close(Framework.java:576)
	at org.eclipse.osgi.framework.internal.core.OSGi.close(OSGi.java:41)
	at org.eclipse.core.runtime.adaptor.EclipseStarter.shutdown(EclipseStarter.java:424)
	at org.eclipse.core.runtime.adaptor.EclipseStarter.run(EclipseStarter.java:200)
	at sun.reflect.NativeMethodAccessorImpl.invoke0(Native Method)
	at sun.reflect.NativeMethodAccessorImpl.invoke(NativeMethodAccessorImpl.java:39)
	at sun.reflect.DelegatingMethodAccessorImpl.invoke(DelegatingMethodAccessorImpl.java:25)
	at java.lang.reflect.Method.invoke(Method.java:597)
	at org.eclipse.equinox.launcher.Main.invokeFramework(Main.java:549)
	at org.eclipse.equinox.launcher.Main.basicRun(Main.java:504)
	at org.eclipse.equinox.launcher.Main.run(Main.java:1236)
